nohup: ignoring input
Multifeature Problem: OR(AND(circle,A), AND(!triangle, B)); TRAINING =  seq ; INPUT =  img_t ; OUT_SIZE =  1 ; WTS =  single ; TEMP_FREEZE =  False
*** LR =  0.001 ; WD =  0.001 ; IMG_FTS =  1 ; TAB_FTS =  0  ***
#0: train loss = 0.28367; val loss = 35.90211
#1: train loss = 0.10065; val loss = 0.38936
#2: train loss = 0.10707; val loss = 0.49868
#3: train loss = 0.09309; val loss = 0.23087
#4: train loss = 0.06589; val loss = 0.32239
#5: train loss = 0.05475; val loss = 0.34933
#6: train loss = 0.04035; val loss = 0.12418
#7: train loss = 0.06456; val loss = 3.67566
#8: train loss = 0.08074; val loss = 0.18136
#9: train loss = 0.14729; val loss = 35.65123
#10: train loss = 0.12056; val loss = 0.41553
#11: train loss = 0.01829; val loss = 0.18429
/export/scratch2/ima/MultiFIX_GECCO25_code/./dependencies/train.py:268: FutureWarning: The behavior of DataFrame concatenation with empty or all-NA entries is deprecated. In a future version, this will no longer exclude empty or all-NA columns when determining the result dtypes. To retain the old behavior, exclude the relevant entries before the concat operation.
  results = pd.concat([results, new_row], ignore_index=True)
*** RUN 0 ***
   *Test Loss=0.12332
   *AUC=0.99199
   *BAcc=0.96635
#0: train loss = 0.27209; val loss = 0.53032
#1: train loss = 0.13376; val loss = 2.53960
#2: train loss = 0.09609; val loss = 0.22794
#3: train loss = 0.05307; val loss = 0.22212
#4: train loss = 0.05857; val loss = 0.46406
#5: train loss = 0.06112; val loss = 0.30323
#6: train loss = 0.06230; val loss = 0.28183
#7: train loss = 0.03397; val loss = 0.22630
#8: train loss = 0.01524; val loss = 0.21035
#9: train loss = 0.01497; val loss = 0.22086
#10: train loss = 0.05844; val loss = 1.52560
#11: train loss = 0.06082; val loss = 0.42862
#12: train loss = 0.05108; val loss = 2.34092
#13: train loss = 0.03831; val loss = 0.27088
*** RUN 1 ***
   *Test Loss=0.17072
   *AUC=0.98919
   *BAcc=0.94600
#0: train loss = 0.31215; val loss = 12.67337
#1: train loss = 0.16209; val loss = 0.55106
#2: train loss = 0.07949; val loss = 0.23015
#3: train loss = 0.06042; val loss = 0.53146
#4: train loss = 0.14194; val loss = 1.46329
#5: train loss = 0.09326; val loss = 0.10573
#6: train loss = 0.03624; val loss = 0.13373
#7: train loss = 0.01275; val loss = 0.37691
#8: train loss = 0.02135; val loss = 0.27303
#9: train loss = 0.06640; val loss = 0.59814
#10: train loss = 0.07711; val loss = 0.19019
*** RUN 2 ***
   *Test Loss=0.14709
   *AUC=0.99530
   *BAcc=0.92844
#0: train loss = 0.33237; val loss = 2.17769
#1: train loss = 0.12884; val loss = 0.26962
#2: train loss = 0.08103; val loss = 0.59420
#3: train loss = 0.12478; val loss = 0.22357
#4: train loss = 0.14258; val loss = 0.35678
#5: train loss = 0.08122; val loss = 0.17870
#6: train loss = 0.08705; val loss = 0.31942
#7: train loss = 0.07472; val loss = 0.22204
#8: train loss = 0.06144; val loss = 0.07918
#9: train loss = 0.07048; val loss = 0.79042
#10: train loss = 0.06268; val loss = 0.17735
#11: train loss = 0.03070; val loss = 0.16428
#12: train loss = 0.01840; val loss = 0.16056
#13: train loss = 0.02816; val loss = 0.13757
*** RUN 3 ***
   *Test Loss=0.11525
   *AUC=0.99299
   *BAcc=0.96482
#0: train loss = 0.32206; val loss = 0.84527
#1: train loss = 0.18083; val loss = 0.09240
#2: train loss = 0.15747; val loss = 0.17003
#3: train loss = 0.07114; val loss = 0.16831
#4: train loss = 0.04972; val loss = 0.08065
#5: train loss = 0.04571; val loss = 0.16934
#6: train loss = 0.09886; val loss = 1.46866
#7: train loss = 0.03535; val loss = 0.23752
#8: train loss = 0.05500; val loss = 0.26639
#9: train loss = 0.05913; val loss = 0.25352
*** RUN 4 ***
   *Test Loss=0.14774
   *AUC=0.98328
   *BAcc=0.95086
*** LR =  0.0001 ; WD =  0.001 ; IMG_FTS =  1 ; TAB_FTS =  0  ***
#0: train loss = 0.44761; val loss = 0.25087
#1: train loss = 0.10896; val loss = 0.12339
#2: train loss = 0.02768; val loss = 0.10301
#3: train loss = 0.01006; val loss = 0.07142
#4: train loss = 0.00586; val loss = 0.07761
#5: train loss = 0.00424; val loss = 0.07840
#6: train loss = 0.00311; val loss = 0.08407
#7: train loss = 0.00230; val loss = 0.08487
#8: train loss = 0.00237; val loss = 0.07945
*** RUN 0 ***
   *Test Loss=0.10833
   *AUC=0.99279
   *BAcc=0.96554
#0: train loss = 0.40752; val loss = 0.24280
#1: train loss = 0.08809; val loss = 0.18042
#2: train loss = 0.02445; val loss = 0.12037
#3: train loss = 0.01132; val loss = 0.11575
#4: train loss = 0.00599; val loss = 0.12218
#5: train loss = 0.00546; val loss = 0.12632
#6: train loss = 0.00323; val loss = 0.12604
#7: train loss = 0.00260; val loss = 0.12241
#8: train loss = 0.00213; val loss = 0.12926
*** RUN 1 ***
   *Test Loss=0.09761
   *AUC=0.99439
   *BAcc=0.96056
#0: train loss = 0.45016; val loss = 0.30378
#1: train loss = 0.11915; val loss = 0.12702
#2: train loss = 0.02579; val loss = 0.11673
#3: train loss = 0.01262; val loss = 0.08024
#4: train loss = 0.00634; val loss = 0.08351
#5: train loss = 0.00370; val loss = 0.08494
#6: train loss = 0.00338; val loss = 0.08137
#7: train loss = 0.00313; val loss = 0.08270
#8: train loss = 0.00254; val loss = 0.08514
*** RUN 2 ***
   *Test Loss=0.05967
   *AUC=0.99860
   *BAcc=0.98058
#0: train loss = 0.42604; val loss = 0.23840
#1: train loss = 0.10143; val loss = 0.09210
#2: train loss = 0.02532; val loss = 0.08442
#3: train loss = 0.00957; val loss = 0.08776
#4: train loss = 0.00617; val loss = 0.09170
#5: train loss = 0.00419; val loss = 0.08488
#6: train loss = 0.00351; val loss = 0.08116
#7: train loss = 0.00308; val loss = 0.09098
#8: train loss = 0.00214; val loss = 0.09244
#9: train loss = 0.00217; val loss = 0.10866
#10: train loss = 0.00128; val loss = 0.09091
#11: train loss = 0.00110; val loss = 0.10190
*** RUN 3 ***
   *Test Loss=0.07616
   *AUC=0.99670
   *BAcc=0.96997
#0: train loss = 0.43121; val loss = 0.25819
#1: train loss = 0.09068; val loss = 0.08240
#2: train loss = 0.02384; val loss = 0.06781
#3: train loss = 0.00906; val loss = 0.04981
#4: train loss = 0.00482; val loss = 0.04781
#5: train loss = 0.00377; val loss = 0.05122
#6: train loss = 0.00375; val loss = 0.05343
#7: train loss = 0.00263; val loss = 0.05936
#8: train loss = 0.00172; val loss = 0.04977
#9: train loss = 0.00165; val loss = 0.05007
*** RUN 4 ***
   *Test Loss=0.10317
   *AUC=0.99530
   *BAcc=0.97087
*** LR =  1e-05 ; WD =  0.001 ; IMG_FTS =  1 ; TAB_FTS =  0  ***
#0: train loss = 0.68553; val loss = 0.67058
#1: train loss = 0.57408; val loss = 0.55880
#2: train loss = 0.48639; val loss = 0.47876
#3: train loss = 0.39909; val loss = 0.40651
#4: train loss = 0.32155; val loss = 0.34536
#5: train loss = 0.25994; val loss = 0.29730
#6: train loss = 0.20902; val loss = 0.25825
#7: train loss = 0.16478; val loss = 0.23157
#8: train loss = 0.14153; val loss = 0.21058
#9: train loss = 0.12042; val loss = 0.19428
#10: train loss = 0.08743; val loss = 0.18381
#11: train loss = 0.07222; val loss = 0.17426
#12: train loss = 0.06512; val loss = 0.16558
#13: train loss = 0.05547; val loss = 0.15476
#14: train loss = 0.05120; val loss = 0.15459
#15: train loss = 0.04092; val loss = 0.14571
#16: train loss = 0.04090; val loss = 0.15298
#17: train loss = 0.03238; val loss = 0.14620
#18: train loss = 0.02679; val loss = 0.13930
#19: train loss = 0.02788; val loss = 0.13841
#20: train loss = 0.02617; val loss = 0.13095
#21: train loss = 0.01980; val loss = 0.13610
#22: train loss = 0.02318; val loss = 0.13575
#23: train loss = 0.01923; val loss = 0.13941
#24: train loss = 0.01818; val loss = 0.13924
#25: train loss = 0.01521; val loss = 0.13622
*** RUN 0 ***
   *Test Loss=0.13498
   *AUC=0.98558
   *BAcc=0.95553
#0: train loss = 0.66970; val loss = 0.66195
#1: train loss = 0.56894; val loss = 0.56231
#2: train loss = 0.47936; val loss = 0.48854
#3: train loss = 0.39303; val loss = 0.41821
#4: train loss = 0.31519; val loss = 0.36081
#5: train loss = 0.25374; val loss = 0.31689
#6: train loss = 0.20092; val loss = 0.28395
#7: train loss = 0.16116; val loss = 0.26095
#8: train loss = 0.13203; val loss = 0.24626
#9: train loss = 0.09851; val loss = 0.23025
#10: train loss = 0.08370; val loss = 0.21849
#11: train loss = 0.07741; val loss = 0.20686
#12: train loss = 0.06203; val loss = 0.20276
#13: train loss = 0.05369; val loss = 0.19508
#14: train loss = 0.04567; val loss = 0.19326
#15: train loss = 0.04451; val loss = 0.19338
#16: train loss = 0.03363; val loss = 0.18295
#17: train loss = 0.03213; val loss = 0.18711
#18: train loss = 0.02602; val loss = 0.18234
#19: train loss = 0.02310; val loss = 0.17828
#20: train loss = 0.02185; val loss = 0.17872
#21: train loss = 0.02008; val loss = 0.17808
#22: train loss = 0.01814; val loss = 0.17505
#23: train loss = 0.01699; val loss = 0.17780
#24: train loss = 0.01847; val loss = 0.17991
#25: train loss = 0.01367; val loss = 0.18213
#26: train loss = 0.01443; val loss = 0.18783
#27: train loss = 0.01218; val loss = 0.17893
*** RUN 1 ***
   *Test Loss=0.13781
   *AUC=0.98939
   *BAcc=0.95571
#0: train loss = 0.65854; val loss = 0.64992
#1: train loss = 0.57709; val loss = 0.55132
#2: train loss = 0.48480; val loss = 0.47347
#3: train loss = 0.39819; val loss = 0.39444
#4: train loss = 0.31461; val loss = 0.32756
#5: train loss = 0.24785; val loss = 0.27998
#6: train loss = 0.20584; val loss = 0.24745
#7: train loss = 0.16124; val loss = 0.21787
#8: train loss = 0.13509; val loss = 0.19907
#9: train loss = 0.11232; val loss = 0.18463
#10: train loss = 0.09262; val loss = 0.17134
#11: train loss = 0.07878; val loss = 0.16068
#12: train loss = 0.06555; val loss = 0.15293
#13: train loss = 0.05717; val loss = 0.14569
#14: train loss = 0.05321; val loss = 0.13937
#15: train loss = 0.04984; val loss = 0.13479
#16: train loss = 0.03875; val loss = 0.13079
#17: train loss = 0.03483; val loss = 0.12712
#18: train loss = 0.03227; val loss = 0.12612
#19: train loss = 0.03043; val loss = 0.12332
#20: train loss = 0.02805; val loss = 0.12023
#21: train loss = 0.02640; val loss = 0.12181
#22: train loss = 0.02376; val loss = 0.11493
#23: train loss = 0.01900; val loss = 0.11288
#24: train loss = 0.02126; val loss = 0.11260
#25: train loss = 0.01723; val loss = 0.11183
#26: train loss = 0.01578; val loss = 0.10632
#27: train loss = 0.01606; val loss = 0.10381
#28: train loss = 0.01426; val loss = 0.10465
#29: train loss = 0.01261; val loss = 0.10246
#30: train loss = 0.01244; val loss = 0.10150
#31: train loss = 0.01366; val loss = 0.10125
#32: train loss = 0.01076; val loss = 0.10159
#33: train loss = 0.00967; val loss = 0.10103
#34: train loss = 0.00998; val loss = 0.10218
#35: train loss = 0.01112; val loss = 0.10087
#36: train loss = 0.00885; val loss = 0.10342
#37: train loss = 0.01017; val loss = 0.10336
#38: train loss = 0.00857; val loss = 0.10084
#39: train loss = 0.00832; val loss = 0.09996
#40: train loss = 0.00743; val loss = 0.10332
#41: train loss = 0.00750; val loss = 0.10512
#42: train loss = 0.00880; val loss = 0.10650
#43: train loss = 0.00648; val loss = 0.10236
#44: train loss = 0.00587; val loss = 0.10120
*** RUN 2 ***
   *Test Loss=0.07790
   *AUC=0.99790
   *BAcc=0.98058
#0: train loss = 0.67132; val loss = 0.66727
#1: train loss = 0.57348; val loss = 0.55588
#2: train loss = 0.48176; val loss = 0.45986
#3: train loss = 0.39605; val loss = 0.37399
#4: train loss = 0.30023; val loss = 0.30881
#5: train loss = 0.23868; val loss = 0.26014
#6: train loss = 0.19123; val loss = 0.22400
#7: train loss = 0.15521; val loss = 0.19645
#8: train loss = 0.11877; val loss = 0.18133
#9: train loss = 0.09754; val loss = 0.17089
#10: train loss = 0.08615; val loss = 0.15694
#11: train loss = 0.07500; val loss = 0.14458
#12: train loss = 0.06032; val loss = 0.13848
#13: train loss = 0.05150; val loss = 0.14404
#14: train loss = 0.04050; val loss = 0.13166
#15: train loss = 0.04073; val loss = 0.13211
#16: train loss = 0.03112; val loss = 0.12878
#17: train loss = 0.03085; val loss = 0.12798
#18: train loss = 0.02916; val loss = 0.12593
#19: train loss = 0.02474; val loss = 0.12672
#20: train loss = 0.02354; val loss = 0.12509
#21: train loss = 0.02396; val loss = 0.12448
#22: train loss = 0.02414; val loss = 0.13065
#23: train loss = 0.01584; val loss = 0.12246
#24: train loss = 0.01523; val loss = 0.12860
#25: train loss = 0.01512; val loss = 0.12649
#26: train loss = 0.01416; val loss = 0.13058
#27: train loss = 0.01266; val loss = 0.12658
#28: train loss = 0.01148; val loss = 0.12280
*** RUN 3 ***
   *Test Loss=0.11208
   *AUC=0.99560
   *BAcc=0.96602
#0: train loss = 0.66459; val loss = 0.66558
#1: train loss = 0.56839; val loss = 0.54938
#2: train loss = 0.47929; val loss = 0.45491
#3: train loss = 0.38758; val loss = 0.37587
#4: train loss = 0.30604; val loss = 0.30623
#5: train loss = 0.24501; val loss = 0.25213
#6: train loss = 0.19896; val loss = 0.21850
#7: train loss = 0.15125; val loss = 0.18989
#8: train loss = 0.12858; val loss = 0.16990
#9: train loss = 0.11123; val loss = 0.15348
#10: train loss = 0.08409; val loss = 0.13908
#11: train loss = 0.07055; val loss = 0.12749
#12: train loss = 0.06289; val loss = 0.11779
#13: train loss = 0.05207; val loss = 0.10994
#14: train loss = 0.04491; val loss = 0.10648
#15: train loss = 0.04063; val loss = 0.10083
#16: train loss = 0.03489; val loss = 0.09785
#17: train loss = 0.02933; val loss = 0.09202
#18: train loss = 0.02928; val loss = 0.09071
#19: train loss = 0.02521; val loss = 0.08845
#20: train loss = 0.02232; val loss = 0.08593
#21: train loss = 0.02071; val loss = 0.08309
#22: train loss = 0.01967; val loss = 0.08074
#23: train loss = 0.01763; val loss = 0.07965
#24: train loss = 0.01579; val loss = 0.08015
#25: train loss = 0.01396; val loss = 0.07898
#26: train loss = 0.01246; val loss = 0.07773
#27: train loss = 0.01162; val loss = 0.07783
#28: train loss = 0.01144; val loss = 0.07522
#29: train loss = 0.01160; val loss = 0.07487
#30: train loss = 0.01082; val loss = 0.07557
#31: train loss = 0.00907; val loss = 0.07529
#32: train loss = 0.00889; val loss = 0.07278
#33: train loss = 0.01117; val loss = 0.07466
#34: train loss = 0.00761; val loss = 0.07418
#35: train loss = 0.00813; val loss = 0.07280
#36: train loss = 0.00780; val loss = 0.07261
#37: train loss = 0.00726; val loss = 0.06929
#38: train loss = 0.00713; val loss = 0.06714
#39: train loss = 0.00680; val loss = 0.07261
#40: train loss = 0.00579; val loss = 0.07216
#41: train loss = 0.00850; val loss = 0.07020
#42: train loss = 0.00647; val loss = 0.06785
#43: train loss = 0.00557; val loss = 0.06875
*** RUN 4 ***
   *Test Loss=0.12758
   *AUC=0.99259
   *BAcc=0.95631
*** LR =  0.001 ; WD =  0.0001 ; IMG_FTS =  1 ; TAB_FTS =  0  ***
#0: train loss = 0.29633; val loss = 24.28861
#1: train loss = 0.11082; val loss = 1.32801
#2: train loss = 0.13551; val loss = 0.16331
#3: train loss = 0.04738; val loss = 0.50286
#4: train loss = 0.03063; val loss = 0.23294
#5: train loss = 0.04132; val loss = 0.42065
#6: train loss = 0.04263; val loss = 0.20288
#7: train loss = 0.02526; val loss = 0.26556
*** RUN 0 ***
   *Test Loss=0.12287
   *AUC=0.99259
   *BAcc=0.96514
#0: train loss = 0.28843; val loss = 16.13177
#1: train loss = 0.19555; val loss = 0.20407
#2: train loss = 0.06764; val loss = 0.25248
#3: train loss = 0.04942; val loss = 0.19453
#4: train loss = 0.02108; val loss = 0.20742
#5: train loss = 0.02540; val loss = 1.03845
#6: train loss = 0.02142; val loss = 0.80738
#7: train loss = 0.00616; val loss = 0.20557
#8: train loss = 0.00220; val loss = 0.16538
#9: train loss = 0.02718; val loss = 1.25628
#10: train loss = 0.09624; val loss = 2.96443
#11: train loss = 0.02841; val loss = 0.30731
#12: train loss = 0.01246; val loss = 0.15442
#13: train loss = 0.00740; val loss = 0.28383
#14: train loss = 0.03660; val loss = 0.64645
#15: train loss = 0.07764; val loss = 0.57035
#16: train loss = 0.08954; val loss = 0.29924
#17: train loss = 0.02521; val loss = 0.26712
*** RUN 1 ***
   *Test Loss=0.13742
   *AUC=0.98569
   *BAcc=0.96026
#0: train loss = 0.30352; val loss = 28.88080
#1: train loss = 0.15748; val loss = 0.22957
#2: train loss = 0.09207; val loss = 0.14611
#3: train loss = 0.06643; val loss = 0.10628
#4: train loss = 0.02901; val loss = 0.24545
#5: train loss = 0.02317; val loss = 0.15978
#6: train loss = 0.06430; val loss = 0.36763
#7: train loss = 0.06367; val loss = 0.43410
#8: train loss = 0.03806; val loss = 3.21273
*** RUN 2 ***
   *Test Loss=0.06571
   *AUC=0.99670
   *BAcc=0.97573
#0: train loss = 0.29455; val loss = 42.85014
#1: train loss = 0.20053; val loss = 0.78434
#2: train loss = 0.07425; val loss = 0.20577
#3: train loss = 0.07326; val loss = 0.40030
#4: train loss = 0.05421; val loss = 0.08942
#5: train loss = 0.04788; val loss = 0.27856
#6: train loss = 0.04354; val loss = 0.15138
#7: train loss = 0.05429; val loss = 0.45575
#8: train loss = 0.04085; val loss = 0.17238
#9: train loss = 0.01513; val loss = 0.12954
*** RUN 3 ***
   *Test Loss=0.10202
   *AUC=0.99279
   *BAcc=0.96967
#0: train loss = 0.32290; val loss = 0.72088
#1: train loss = 0.18476; val loss = 22.62811
#2: train loss = 0.16061; val loss = 0.29415
#3: train loss = 0.09901; val loss = 0.19689
#4: train loss = 0.04682; val loss = 0.10600
#5: train loss = 0.01421; val loss = 0.30421
#6: train loss = 0.01066; val loss = 0.31054
#7: train loss = 0.01344; val loss = 0.34576
#8: train loss = 0.02245; val loss = 0.35065
#9: train loss = 0.06141; val loss = 0.28511
*** RUN 4 ***
   *Test Loss=0.09283
   *AUC=0.98949
   *BAcc=0.97543
*** LR =  0.0001 ; WD =  0.0001 ; IMG_FTS =  1 ; TAB_FTS =  0  ***
#0: train loss = 0.44753; val loss = 0.25094
#1: train loss = 0.10872; val loss = 0.12285
#2: train loss = 0.02732; val loss = 0.10711
#3: train loss = 0.00984; val loss = 0.07410
#4: train loss = 0.00567; val loss = 0.08053
#5: train loss = 0.00405; val loss = 0.08046
#6: train loss = 0.00293; val loss = 0.08560
#7: train loss = 0.00213; val loss = 0.08645
#8: train loss = 0.00217; val loss = 0.08117
*** RUN 0 ***
   *Test Loss=0.10975
   *AUC=0.99239
   *BAcc=0.96034
#0: train loss = 0.40719; val loss = 0.24443
#1: train loss = 0.08770; val loss = 0.18073
#2: train loss = 0.02414; val loss = 0.12101
#3: train loss = 0.01113; val loss = 0.11583
#4: train loss = 0.00578; val loss = 0.12039
#5: train loss = 0.00531; val loss = 0.12408
#6: train loss = 0.00304; val loss = 0.12378
#7: train loss = 0.00241; val loss = 0.12051
#8: train loss = 0.00194; val loss = 0.12684
*** RUN 1 ***
   *Test Loss=0.09706
   *AUC=0.99450
   *BAcc=0.96056
#0: train loss = 0.44984; val loss = 0.30298
#1: train loss = 0.11861; val loss = 0.12680
#2: train loss = 0.02551; val loss = 0.11392
#3: train loss = 0.01242; val loss = 0.07880
#4: train loss = 0.00616; val loss = 0.08154
#5: train loss = 0.00356; val loss = 0.08298
#6: train loss = 0.00323; val loss = 0.08116
#7: train loss = 0.00295; val loss = 0.08179
#8: train loss = 0.00238; val loss = 0.08533
*** RUN 2 ***
   *Test Loss=0.06123
   *AUC=0.99840
   *BAcc=0.98058
#0: train loss = 0.42595; val loss = 0.23745
#1: train loss = 0.10141; val loss = 0.09286
#2: train loss = 0.02525; val loss = 0.08579
#3: train loss = 0.00931; val loss = 0.08838
#4: train loss = 0.00589; val loss = 0.09161
#5: train loss = 0.00392; val loss = 0.08672
#6: train loss = 0.00325; val loss = 0.08165
#7: train loss = 0.00282; val loss = 0.09143
#8: train loss = 0.00190; val loss = 0.09272
#9: train loss = 0.00192; val loss = 0.10848
#10: train loss = 0.00108; val loss = 0.09097
#11: train loss = 0.00090; val loss = 0.10089
*** RUN 3 ***
   *Test Loss=0.07487
   *AUC=0.99700
   *BAcc=0.96482
#0: train loss = 0.43087; val loss = 0.25746
#1: train loss = 0.09021; val loss = 0.08182
#2: train loss = 0.02354; val loss = 0.06807
#3: train loss = 0.00886; val loss = 0.05049
#4: train loss = 0.00466; val loss = 0.04774
#5: train loss = 0.00361; val loss = 0.05125
#6: train loss = 0.00356; val loss = 0.05391
#7: train loss = 0.00247; val loss = 0.05822
#8: train loss = 0.00158; val loss = 0.04911
#9: train loss = 0.00149; val loss = 0.04906
*** RUN 4 ***
   *Test Loss=0.09984
   *AUC=0.99610
   *BAcc=0.97087
*** LR =  1e-05 ; WD =  0.0001 ; IMG_FTS =  1 ; TAB_FTS =  0  ***
#0: train loss = 0.68547; val loss = 0.67051
#1: train loss = 0.57382; val loss = 0.55859
#2: train loss = 0.48598; val loss = 0.47847
#3: train loss = 0.39856; val loss = 0.40616
#4: train loss = 0.32095; val loss = 0.34503
#5: train loss = 0.25936; val loss = 0.29708
#6: train loss = 0.20849; val loss = 0.25814
#7: train loss = 0.16431; val loss = 0.23153
#8: train loss = 0.14113; val loss = 0.21047
#9: train loss = 0.12004; val loss = 0.19424
#10: train loss = 0.08710; val loss = 0.18384
#11: train loss = 0.07192; val loss = 0.17428
#12: train loss = 0.06481; val loss = 0.16547
#13: train loss = 0.05516; val loss = 0.15467
#14: train loss = 0.05090; val loss = 0.15451
#15: train loss = 0.04064; val loss = 0.14566
#16: train loss = 0.04061; val loss = 0.15294
#17: train loss = 0.03211; val loss = 0.14614
#18: train loss = 0.02653; val loss = 0.13926
#19: train loss = 0.02759; val loss = 0.13834
#20: train loss = 0.02589; val loss = 0.13090
#21: train loss = 0.01955; val loss = 0.13606
#22: train loss = 0.02291; val loss = 0.13563
#23: train loss = 0.01898; val loss = 0.13933
#24: train loss = 0.01791; val loss = 0.13916
#25: train loss = 0.01496; val loss = 0.13624
*** RUN 0 ***
   *Test Loss=0.13424
   *AUC=0.98558
   *BAcc=0.96074
#0: train loss = 0.66963; val loss = 0.66189
#1: train loss = 0.56860; val loss = 0.56204
#2: train loss = 0.47884; val loss = 0.48819
#3: train loss = 0.39236; val loss = 0.41787
#4: train loss = 0.31448; val loss = 0.36042
#5: train loss = 0.25302; val loss = 0.31660
#6: train loss = 0.20024; val loss = 0.28357
#7: train loss = 0.16053; val loss = 0.26066
#8: train loss = 0.13141; val loss = 0.24597
#9: train loss = 0.09794; val loss = 0.22991
#10: train loss = 0.08314; val loss = 0.21819
#11: train loss = 0.07686; val loss = 0.20646
#12: train loss = 0.06153; val loss = 0.20255
#13: train loss = 0.05324; val loss = 0.19488
#14: train loss = 0.04524; val loss = 0.19314
#15: train loss = 0.04410; val loss = 0.19322
#16: train loss = 0.03325; val loss = 0.18274
#17: train loss = 0.03176; val loss = 0.18708
#18: train loss = 0.02569; val loss = 0.18217
#19: train loss = 0.02279; val loss = 0.17810
#20: train loss = 0.02154; val loss = 0.17851
#21: train loss = 0.01978; val loss = 0.17778
#22: train loss = 0.01785; val loss = 0.17473
#23: train loss = 0.01671; val loss = 0.17751
#24: train loss = 0.01817; val loss = 0.17941
#25: train loss = 0.01342; val loss = 0.18175
#26: train loss = 0.01417; val loss = 0.18760
#27: train loss = 0.01194; val loss = 0.17860
*** RUN 1 ***
   *Test Loss=0.13712
   *AUC=0.98919
   *BAcc=0.95571
#0: train loss = 0.65846; val loss = 0.64985
#1: train loss = 0.57675; val loss = 0.55102
#2: train loss = 0.48415; val loss = 0.47295
#3: train loss = 0.39734; val loss = 0.39373
#4: train loss = 0.31373; val loss = 0.32682
#5: train loss = 0.24703; val loss = 0.27937
#6: train loss = 0.20510; val loss = 0.24689
#7: train loss = 0.16054; val loss = 0.21733
#8: train loss = 0.13443; val loss = 0.19852
#9: train loss = 0.11167; val loss = 0.18408
#10: train loss = 0.09199; val loss = 0.17076
#11: train loss = 0.07819; val loss = 0.16017
#12: train loss = 0.06497; val loss = 0.15245
#13: train loss = 0.05662; val loss = 0.14523
#14: train loss = 0.05269; val loss = 0.13897
#15: train loss = 0.04933; val loss = 0.13447
#16: train loss = 0.03826; val loss = 0.13041
#17: train loss = 0.03434; val loss = 0.12672
#18: train loss = 0.03178; val loss = 0.12576
#19: train loss = 0.02995; val loss = 0.12291
#20: train loss = 0.02757; val loss = 0.11987
#21: train loss = 0.02592; val loss = 0.12155
#22: train loss = 0.02329; val loss = 0.11450
#23: train loss = 0.01858; val loss = 0.11257
#24: train loss = 0.02079; val loss = 0.11208
#25: train loss = 0.01679; val loss = 0.11146
#26: train loss = 0.01534; val loss = 0.10593
#27: train loss = 0.01562; val loss = 0.10343
#28: train loss = 0.01383; val loss = 0.10425
#29: train loss = 0.01218; val loss = 0.10198
#30: train loss = 0.01199; val loss = 0.10093
#31: train loss = 0.01313; val loss = 0.10056
#32: train loss = 0.01029; val loss = 0.10106
#33: train loss = 0.00921; val loss = 0.10037
#34: train loss = 0.00950; val loss = 0.10162
#35: train loss = 0.01057; val loss = 0.10018
#36: train loss = 0.00837; val loss = 0.10298
#37: train loss = 0.00964; val loss = 0.10308
#38: train loss = 0.00807; val loss = 0.10033
#39: train loss = 0.00782; val loss = 0.09921
#40: train loss = 0.00696; val loss = 0.10289
#41: train loss = 0.00701; val loss = 0.10485
#42: train loss = 0.00826; val loss = 0.10647
#43: train loss = 0.00602; val loss = 0.10210
#44: train loss = 0.00543; val loss = 0.10093
*** RUN 2 ***
   *Test Loss=0.07709
   *AUC=0.99770
   *BAcc=0.98058
#0: train loss = 0.67127; val loss = 0.66723
#1: train loss = 0.57320; val loss = 0.55567
#2: train loss = 0.48130; val loss = 0.45943
#3: train loss = 0.39553; val loss = 0.37357
#4: train loss = 0.29966; val loss = 0.30839
#5: train loss = 0.23812; val loss = 0.25979
#6: train loss = 0.19072; val loss = 0.22359
#7: train loss = 0.15474; val loss = 0.19616
#8: train loss = 0.11832; val loss = 0.18103
#9: train loss = 0.09710; val loss = 0.17046
#10: train loss = 0.08571; val loss = 0.15650
#11: train loss = 0.07460; val loss = 0.14417
#12: train loss = 0.05993; val loss = 0.13798
#13: train loss = 0.05114; val loss = 0.14361
#14: train loss = 0.04014; val loss = 0.13121
#15: train loss = 0.04040; val loss = 0.13160
#16: train loss = 0.03081; val loss = 0.12825
#17: train loss = 0.03052; val loss = 0.12727
#18: train loss = 0.02884; val loss = 0.12515
#19: train loss = 0.02443; val loss = 0.12576
#20: train loss = 0.02323; val loss = 0.12421
#21: train loss = 0.02364; val loss = 0.12359
#22: train loss = 0.02385; val loss = 0.12975
#23: train loss = 0.01557; val loss = 0.12141
#24: train loss = 0.01496; val loss = 0.12746
#25: train loss = 0.01484; val loss = 0.12536
#26: train loss = 0.01388; val loss = 0.12936
#27: train loss = 0.01239; val loss = 0.12521
#28: train loss = 0.01122; val loss = 0.12141
*** RUN 3 ***
   *Test Loss=0.11173
   *AUC=0.99560
   *BAcc=0.96602
#0: train loss = 0.66452; val loss = 0.66551
#1: train loss = 0.56807; val loss = 0.54908
#2: train loss = 0.47878; val loss = 0.45433
#3: train loss = 0.38695; val loss = 0.37519
#4: train loss = 0.30537; val loss = 0.30563
#5: train loss = 0.24438; val loss = 0.25158
#6: train loss = 0.19837; val loss = 0.21790
#7: train loss = 0.15069; val loss = 0.18928
#8: train loss = 0.12804; val loss = 0.16939
#9: train loss = 0.11067; val loss = 0.15304
#10: train loss = 0.08360; val loss = 0.13875
#11: train loss = 0.07008; val loss = 0.12719
#12: train loss = 0.06248; val loss = 0.11746
#13: train loss = 0.05167; val loss = 0.10960
#14: train loss = 0.04455; val loss = 0.10612
#15: train loss = 0.04027; val loss = 0.10041
#16: train loss = 0.03452; val loss = 0.09745
#17: train loss = 0.02898; val loss = 0.09158
#18: train loss = 0.02889; val loss = 0.09022
#19: train loss = 0.02481; val loss = 0.08796
#20: train loss = 0.02190; val loss = 0.08535
#21: train loss = 0.02028; val loss = 0.08255
#22: train loss = 0.01922; val loss = 0.08021
#23: train loss = 0.01722; val loss = 0.07914
#24: train loss = 0.01541; val loss = 0.07961
#25: train loss = 0.01361; val loss = 0.07845
#26: train loss = 0.01213; val loss = 0.07726
#27: train loss = 0.01130; val loss = 0.07734
#28: train loss = 0.01113; val loss = 0.07473
#29: train loss = 0.01127; val loss = 0.07441
#30: train loss = 0.01049; val loss = 0.07515
#31: train loss = 0.00879; val loss = 0.07483
#32: train loss = 0.00860; val loss = 0.07236
#33: train loss = 0.01086; val loss = 0.07406
#34: train loss = 0.00733; val loss = 0.07364
#35: train loss = 0.00784; val loss = 0.07224
#36: train loss = 0.00751; val loss = 0.07218
#37: train loss = 0.00698; val loss = 0.06877
#38: train loss = 0.00687; val loss = 0.06663
#39: train loss = 0.00655; val loss = 0.07210
#40: train loss = 0.00556; val loss = 0.07163
#41: train loss = 0.00816; val loss = 0.06954
#42: train loss = 0.00622; val loss = 0.06732
#43: train loss = 0.00534; val loss = 0.06824
*** RUN 4 ***
   *Test Loss=0.12749
   *AUC=0.99229
   *BAcc=0.95631
*** LR =  0.001 ; WD =  0 ; IMG_FTS =  1 ; TAB_FTS =  0  ***
#0: train loss = 0.30100; val loss = 9.19292
#1: train loss = 0.10540; val loss = 1.65334
#2: train loss = 0.07106; val loss = 0.30861
#3: train loss = 0.05965; val loss = 0.82851
#4: train loss = 0.04870; val loss = 0.30514
#5: train loss = 0.02147; val loss = 0.26106
#6: train loss = 0.02812; val loss = 0.36386
#7: train loss = 0.05354; val loss = 2.80421
#8: train loss = 0.07404; val loss = 0.65115
#9: train loss = 0.05650; val loss = 0.25105
#10: train loss = 0.02383; val loss = 0.19601
#11: train loss = 0.02178; val loss = 0.15568
#12: train loss = 0.00711; val loss = 0.80068
#13: train loss = 0.00706; val loss = 0.21134
#14: train loss = 0.02821; val loss = 0.45601
#15: train loss = 0.01608; val loss = 0.18426
#16: train loss = 0.02361; val loss = 1.15809
*** RUN 0 ***
   *Test Loss=0.07401
   *AUC=0.99679
   *BAcc=0.96995
#0: train loss = 0.27131; val loss = 6.38641
#1: train loss = 0.15269; val loss = 0.97367
#2: train loss = 0.10317; val loss = 0.20250
#3: train loss = 0.04618; val loss = 0.52576
#4: train loss = 0.06195; val loss = 0.23687
#5: train loss = 0.04177; val loss = 0.21519
#6: train loss = 0.03060; val loss = 1.03502
#7: train loss = 0.08717; val loss = 4.00076
*** RUN 1 ***
   *Test Loss=0.16329
   *AUC=0.99289
   *BAcc=0.95146
#0: train loss = 0.30420; val loss = 1.01573
#1: train loss = 0.12363; val loss = 0.89317
#2: train loss = 0.06542; val loss = 0.16126
#3: train loss = 0.08174; val loss = 0.32080
#4: train loss = 0.07218; val loss = 0.14282
#5: train loss = 0.03839; val loss = 0.11633
#6: train loss = 0.02483; val loss = 0.39385
#7: train loss = 0.13953; val loss = 48.12500
#8: train loss = 0.11426; val loss = 0.36565
#9: train loss = 0.04129; val loss = 1.62264
#10: train loss = 0.03978; val loss = 0.14159
*** RUN 2 ***
   *Test Loss=0.09815
   *AUC=0.99880
   *BAcc=0.95146
#0: train loss = 0.29222; val loss = 1.33075
#1: train loss = 0.12934; val loss = 0.28809
#2: train loss = 0.13314; val loss = 0.55972
#3: train loss = 0.07471; val loss = 0.15035
#4: train loss = 0.10680; val loss = 0.95882
#5: train loss = 0.09860; val loss = 0.34676
#6: train loss = 0.04282; val loss = 0.16303
#7: train loss = 0.02417; val loss = 1.81162
#8: train loss = 0.02894; val loss = 0.21210
*** RUN 3 ***
   *Test Loss=0.10855
   *AUC=0.98238
   *BAcc=0.96086
#0: train loss = 0.32166; val loss = 0.36274
#1: train loss = 0.14799; val loss = 0.44671
#2: train loss = 0.09013; val loss = 0.11700
#3: train loss = 0.06175; val loss = 0.27698
#4: train loss = 0.04565; val loss = 0.09212
#5: train loss = 0.07855; val loss = 0.14455
#6: train loss = 0.05431; val loss = 0.23989
#7: train loss = 0.07749; val loss = 0.33448
#8: train loss = 0.02452; val loss = 0.18638
#9: train loss = 0.00606; val loss = 0.07869
#10: train loss = 0.02030; val loss = 0.41083
#11: train loss = 0.07405; val loss = 0.94630
#12: train loss = 0.04070; val loss = 1.10930
#13: train loss = 0.05063; val loss = 0.14218
#14: train loss = 0.01917; val loss = 0.04731
#15: train loss = 0.00421; val loss = 0.06100
#16: train loss = 0.00814; val loss = 0.22644
#17: train loss = 0.00879; val loss = 0.38864
#18: train loss = 0.03189; val loss = 0.37978
#19: train loss = 0.06157; val loss = 0.66486
*** RUN 4 ***
   *Test Loss=0.13237
   *AUC=0.99249
   *BAcc=0.96026
*** LR =  0.0001 ; WD =  0 ; IMG_FTS =  1 ; TAB_FTS =  0  ***
#0: train loss = 0.44780; val loss = 0.25256
#1: train loss = 0.10831; val loss = 0.12466
#2: train loss = 0.02705; val loss = 0.10776
#3: train loss = 0.00970; val loss = 0.07211
#4: train loss = 0.00562; val loss = 0.07845
#5: train loss = 0.00411; val loss = 0.07932
#6: train loss = 0.00304; val loss = 0.08403
#7: train loss = 0.00223; val loss = 0.08484
#8: train loss = 0.00229; val loss = 0.07913
*** RUN 0 ***
   *Test Loss=0.11068
   *AUC=0.99249
   *BAcc=0.96554
#0: train loss = 0.40706; val loss = 0.24371
#1: train loss = 0.08749; val loss = 0.18146
#2: train loss = 0.02374; val loss = 0.12055
#3: train loss = 0.01087; val loss = 0.11503
#4: train loss = 0.00570; val loss = 0.11832
#5: train loss = 0.00526; val loss = 0.12308
#6: train loss = 0.00299; val loss = 0.12374
#7: train loss = 0.00236; val loss = 0.12069
#8: train loss = 0.00190; val loss = 0.12672
*** RUN 1 ***
   *Test Loss=0.09810
   *AUC=0.99450
   *BAcc=0.96056
#0: train loss = 0.44971; val loss = 0.30477
#1: train loss = 0.11830; val loss = 0.12624
#2: train loss = 0.02528; val loss = 0.11510
#3: train loss = 0.01234; val loss = 0.07927
#4: train loss = 0.00620; val loss = 0.08414
#5: train loss = 0.00356; val loss = 0.08479
#6: train loss = 0.00321; val loss = 0.08179
#7: train loss = 0.00292; val loss = 0.08217
#8: train loss = 0.00234; val loss = 0.08684
*** RUN 2 ***
   *Test Loss=0.05788
   *AUC=0.99840
   *BAcc=0.98058
#0: train loss = 0.42614; val loss = 0.23703
#1: train loss = 0.10126; val loss = 0.09338
#2: train loss = 0.02510; val loss = 0.08619
#3: train loss = 0.00926; val loss = 0.08899
#4: train loss = 0.00589; val loss = 0.09254
#5: train loss = 0.00388; val loss = 0.08716
#6: train loss = 0.00320; val loss = 0.08231
#7: train loss = 0.00279; val loss = 0.09129
#8: train loss = 0.00189; val loss = 0.09322
#9: train loss = 0.00194; val loss = 0.10908
#10: train loss = 0.00109; val loss = 0.09148
#11: train loss = 0.00091; val loss = 0.10148
*** RUN 3 ***
   *Test Loss=0.07573
   *AUC=0.99660
   *BAcc=0.96997
#0: train loss = 0.43072; val loss = 0.25599
#1: train loss = 0.09005; val loss = 0.08097
#2: train loss = 0.02333; val loss = 0.06760
#3: train loss = 0.00879; val loss = 0.05085
#4: train loss = 0.00463; val loss = 0.04779
#5: train loss = 0.00358; val loss = 0.05160
#6: train loss = 0.00353; val loss = 0.05433
#7: train loss = 0.00243; val loss = 0.05869
#8: train loss = 0.00155; val loss = 0.04976
#9: train loss = 0.00145; val loss = 0.04906
*** RUN 4 ***
   *Test Loss=0.10072
   *AUC=0.99620
   *BAcc=0.97087
*** LR =  1e-05 ; WD =  0 ; IMG_FTS =  1 ; TAB_FTS =  0  ***
#0: train loss = 0.68547; val loss = 0.67052
#1: train loss = 0.57383; val loss = 0.55857
#2: train loss = 0.48599; val loss = 0.47845
#3: train loss = 0.39859; val loss = 0.40617
#4: train loss = 0.32102; val loss = 0.34508
#5: train loss = 0.25944; val loss = 0.29717
#6: train loss = 0.20854; val loss = 0.25825
#7: train loss = 0.16433; val loss = 0.23157
#8: train loss = 0.14115; val loss = 0.21047
#9: train loss = 0.12005; val loss = 0.19414
#10: train loss = 0.08708; val loss = 0.18369
#11: train loss = 0.07187; val loss = 0.17411
#12: train loss = 0.06478; val loss = 0.16537
#13: train loss = 0.05512; val loss = 0.15455
#14: train loss = 0.05088; val loss = 0.15432
#15: train loss = 0.04061; val loss = 0.14552
#16: train loss = 0.04059; val loss = 0.15280
#17: train loss = 0.03207; val loss = 0.14593
#18: train loss = 0.02650; val loss = 0.13900
#19: train loss = 0.02756; val loss = 0.13801
#20: train loss = 0.02585; val loss = 0.13070
#21: train loss = 0.01952; val loss = 0.13585
#22: train loss = 0.02287; val loss = 0.13544
#23: train loss = 0.01895; val loss = 0.13908
#24: train loss = 0.01788; val loss = 0.13892
#25: train loss = 0.01493; val loss = 0.13602
*** RUN 0 ***
   *Test Loss=0.13417
   *AUC=0.98558
   *BAcc=0.96074
#0: train loss = 0.66962; val loss = 0.66188
#1: train loss = 0.56860; val loss = 0.56202
#2: train loss = 0.47883; val loss = 0.48818
#3: train loss = 0.39232; val loss = 0.41781
#4: train loss = 0.31444; val loss = 0.36035
#5: train loss = 0.25298; val loss = 0.31653
#6: train loss = 0.20021; val loss = 0.28351
#7: train loss = 0.16049; val loss = 0.26053
#8: train loss = 0.13136; val loss = 0.24588
#9: train loss = 0.09790; val loss = 0.22976
#10: train loss = 0.08313; val loss = 0.21804
#11: train loss = 0.07686; val loss = 0.20629
#12: train loss = 0.06150; val loss = 0.20238
#13: train loss = 0.05324; val loss = 0.19475
#14: train loss = 0.04525; val loss = 0.19300
#15: train loss = 0.04410; val loss = 0.19303
#16: train loss = 0.03325; val loss = 0.18254
#17: train loss = 0.03174; val loss = 0.18691
#18: train loss = 0.02568; val loss = 0.18195
#19: train loss = 0.02277; val loss = 0.17791
#20: train loss = 0.02152; val loss = 0.17829
#21: train loss = 0.01975; val loss = 0.17762
#22: train loss = 0.01782; val loss = 0.17457
#23: train loss = 0.01669; val loss = 0.17737
#24: train loss = 0.01815; val loss = 0.17932
#25: train loss = 0.01340; val loss = 0.18167
#26: train loss = 0.01416; val loss = 0.18761
#27: train loss = 0.01193; val loss = 0.17850
*** RUN 1 ***
   *Test Loss=0.13709
   *AUC=0.98919
   *BAcc=0.95571
#0: train loss = 0.65846; val loss = 0.64985
#1: train loss = 0.57674; val loss = 0.55102
#2: train loss = 0.48418; val loss = 0.47292
#3: train loss = 0.39736; val loss = 0.39370
#4: train loss = 0.31374; val loss = 0.32683
#5: train loss = 0.24702; val loss = 0.27927
#6: train loss = 0.20508; val loss = 0.24679
#7: train loss = 0.16051; val loss = 0.21728
#8: train loss = 0.13440; val loss = 0.19853
#9: train loss = 0.11166; val loss = 0.18410
#10: train loss = 0.09197; val loss = 0.17074
#11: train loss = 0.07815; val loss = 0.16007
#12: train loss = 0.06493; val loss = 0.15237
#13: train loss = 0.05657; val loss = 0.14513
#14: train loss = 0.05263; val loss = 0.13885
#15: train loss = 0.04926; val loss = 0.13433
#16: train loss = 0.03820; val loss = 0.13023
#17: train loss = 0.03428; val loss = 0.12654
#18: train loss = 0.03171; val loss = 0.12564
#19: train loss = 0.02988; val loss = 0.12275
#20: train loss = 0.02747; val loss = 0.11967
#21: train loss = 0.02579; val loss = 0.12137
#22: train loss = 0.02314; val loss = 0.11431
#23: train loss = 0.01842; val loss = 0.11236
#24: train loss = 0.02061; val loss = 0.11181
#25: train loss = 0.01660; val loss = 0.11119
#26: train loss = 0.01515; val loss = 0.10561
#27: train loss = 0.01542; val loss = 0.10313
#28: train loss = 0.01364; val loss = 0.10410
#29: train loss = 0.01200; val loss = 0.10182
#30: train loss = 0.01183; val loss = 0.10071
#31: train loss = 0.01298; val loss = 0.10027
#32: train loss = 0.01016; val loss = 0.10087
#33: train loss = 0.00910; val loss = 0.10014
#34: train loss = 0.00939; val loss = 0.10147
#35: train loss = 0.01045; val loss = 0.09996
#36: train loss = 0.00828; val loss = 0.10282
#37: train loss = 0.00954; val loss = 0.10283
#38: train loss = 0.00798; val loss = 0.10004
#39: train loss = 0.00774; val loss = 0.09890
#40: train loss = 0.00689; val loss = 0.10259
#41: train loss = 0.00694; val loss = 0.10466
#42: train loss = 0.00818; val loss = 0.10618
#43: train loss = 0.00596; val loss = 0.10179
#44: train loss = 0.00537; val loss = 0.10062
*** RUN 2 ***
   *Test Loss=0.07676
   *AUC=0.99770
   *BAcc=0.98058
#0: train loss = 0.67127; val loss = 0.66724
#1: train loss = 0.57321; val loss = 0.55566
#2: train loss = 0.48132; val loss = 0.45943
#3: train loss = 0.39555; val loss = 0.37352
#4: train loss = 0.29970; val loss = 0.30836
#5: train loss = 0.23817; val loss = 0.25971
#6: train loss = 0.19076; val loss = 0.22350
#7: train loss = 0.15474; val loss = 0.19606
#8: train loss = 0.11831; val loss = 0.18088
#9: train loss = 0.09712; val loss = 0.17035
#10: train loss = 0.08573; val loss = 0.15634
#11: train loss = 0.07460; val loss = 0.14395
#12: train loss = 0.05995; val loss = 0.13779
#13: train loss = 0.05114; val loss = 0.14341
#14: train loss = 0.04013; val loss = 0.13094
#15: train loss = 0.04039; val loss = 0.13139
#16: train loss = 0.03078; val loss = 0.12798
#17: train loss = 0.03048; val loss = 0.12698
#18: train loss = 0.02882; val loss = 0.12492
#19: train loss = 0.02439; val loss = 0.12549
#20: train loss = 0.02319; val loss = 0.12394
#21: train loss = 0.02359; val loss = 0.12324
#22: train loss = 0.02380; val loss = 0.12951
#23: train loss = 0.01553; val loss = 0.12113
#24: train loss = 0.01492; val loss = 0.12718
#25: train loss = 0.01479; val loss = 0.12502
#26: train loss = 0.01383; val loss = 0.12902
#27: train loss = 0.01235; val loss = 0.12486
#28: train loss = 0.01118; val loss = 0.12100
#29: train loss = 0.01174; val loss = 0.11920
#30: train loss = 0.01131; val loss = 0.11304
#31: train loss = 0.01025; val loss = 0.11860
#32: train loss = 0.01028; val loss = 0.12143
#33: train loss = 0.00825; val loss = 0.12244
#34: train loss = 0.00782; val loss = 0.11930
#35: train loss = 0.00847; val loss = 0.13163
*** RUN 3 ***
   *Test Loss=0.10397
   *AUC=0.99540
   *BAcc=0.96602
#0: train loss = 0.66638; val loss = 0.65667
#1: train loss = 0.57447; val loss = 0.55762
#2: train loss = 0.49431; val loss = 0.47151
#3: train loss = 0.40661; val loss = 0.39102
#4: train loss = 0.32966; val loss = 0.32342
#5: train loss = 0.27214; val loss = 0.27313
#6: train loss = 0.21727; val loss = 0.23131
#7: train loss = 0.17458; val loss = 0.20030
#8: train loss = 0.14388; val loss = 0.17900
#9: train loss = 0.11527; val loss = 0.15978
#10: train loss = 0.09254; val loss = 0.14440
#11: train loss = 0.08278; val loss = 0.13179
#12: train loss = 0.06711; val loss = 0.12341
#13: train loss = 0.05632; val loss = 0.11469
#14: train loss = 0.04861; val loss = 0.10587
#15: train loss = 0.04428; val loss = 0.10087
#16: train loss = 0.03797; val loss = 0.09601
#17: train loss = 0.03276; val loss = 0.09319
#18: train loss = 0.02787; val loss = 0.09083
#19: train loss = 0.02448; val loss = 0.08866
#20: train loss = 0.02195; val loss = 0.08648
#21: train loss = 0.02084; val loss = 0.08263
#22: train loss = 0.02041; val loss = 0.08104
#23: train loss = 0.01882; val loss = 0.08129
#24: train loss = 0.01527; val loss = 0.07957
#25: train loss = 0.01467; val loss = 0.07643
#26: train loss = 0.01748; val loss = 0.07822
#27: train loss = 0.01197; val loss = 0.07713
#28: train loss = 0.01250; val loss = 0.07504
#29: train loss = 0.01194; val loss = 0.07392
#30: train loss = 0.01087; val loss = 0.07094
#31: train loss = 0.01049; val loss = 0.06862
#32: train loss = 0.00960; val loss = 0.07260
#33: train loss = 0.00816; val loss = 0.07224
#34: train loss = 0.01202; val loss = 0.06933
#35: train loss = 0.00902; val loss = 0.06674
#36: train loss = 0.00765; val loss = 0.06755
#37: train loss = 0.00681; val loss = 0.06866
#38: train loss = 0.00656; val loss = 0.06811
#39: train loss = 0.00651; val loss = 0.06775
#40: train loss = 0.00614; val loss = 0.07081
*** RUN 4 ***
   *Test Loss=0.11345
   *AUC=0.99500
   *BAcc=0.96602
************************** RESULTS **************************

BEST PARAMETERS: 
  -> LR: 0.0001
  -> WD: 0.0001
  -> Z_img: 1.0
  -> Z_tab: 0.0
AVERAGE METRICS ACROSS FOLDS:
  -> Loss: 0.08855
  -> AUROC: 0.99568
  -> BAcc: 0.96744
BEST FOLD: 2



************************** 5 folds from best Hyper Parameters **************************

Model no.  0
* Loss:  0.10975495035221684
* AUROC:  0.9923878205128205
* BAcc:  0.9603365384615384

Model no.  1
* Loss:  0.097063873623556
* AUROC:  0.9944950455409869
* BAcc:  0.9605645080572516

Model no.  2
* Loss:  0.0612317276149588
* AUROC:  0.9983985587028326
* BAcc:  0.9805825242718447

Model no.  3
* Loss:  0.07486702712663827
* AUROC:  0.996997297567811
* BAcc:  0.9648183365028526

Model no.  4
* Loss:  0.0998404269161074
* AUROC:  0.9960964868381543
* BAcc:  0.970873786407767

